
> iaweb-factory@0.1.0 dev
> next dev -p 3102

▲ Next.js 16.2.6 (Turbopack)
- Local:         http://localhost:3102
- Network:       http://192.168.1.88:3102
- Environments: .env.local
✓ Ready in 586ms

 GET /demos/imocelos 200 in 1292ms (next.js: 647ms, application-code: 645ms)
 GET /demos/imocelos 200 in 256ms (next.js: 21ms, application-code: 235ms)
 GET /demos/imocelos 200 in 86ms (next.js: 4ms, application-code: 83ms)
 GET /demos/imocelos 200 in 244ms (next.js: 10ms, application-code: 234ms)
 GET /demos/imocelos 200 in 214ms (next.js: 17ms, application-code: 197ms)
✓ Compiled in 2.6s
 GET /demos/imocelos 200 in 1070ms (next.js: 705ms, application-code: 365ms)
 GET /demos/imocelos 200 in 250ms (next.js: 61ms, application-code: 188ms)
 GET /demos/imocelos 200 in 168ms (next.js: 59ms, application-code: 109ms)
 GET /demos/imocelos 200 in 170ms (next.js: 6ms, application-code: 165ms)
 GET /demos/imocelos 200 in 170ms (next.js: 34ms, application-code: 136ms)
 GET /demos/imocelos 200 in 170ms (next.js: 80ms, application-code: 90ms)
 GET /demos/imocelos 200 in 203ms (next.js: 3ms, application-code: 200ms)
 GET /demos/imocelos 200 in 178ms (next.js: 3ms, application-code: 174ms)
 GET /demos/imocelos 200 in 174ms (next.js: 4ms, application-code: 170ms)
 GET /demos/imocelos 200 in 175ms (next.js: 26ms, application-code: 149ms)
 GET /demos/imocelos 200 in 205ms (next.js: 61ms, application-code: 144ms)
 GET /demos/imocelos 200 in 154ms (next.js: 36ms, application-code: 119ms)
 GET /demos/imocelos 200 in 178ms (next.js: 8ms, application-code: 171ms)
 GET /demos/imocelos 200 in 148ms (next.js: 9ms, application-code: 139ms)
 GET /demos/imocelos 200 in 145ms (next.js: 9ms, application-code: 137ms)
 GET /demos/imocelos 200 in 141ms (next.js: 28ms, application-code: 113ms)
 GET /demos/imocelos 200 in 116ms (next.js: 32ms, application-code: 84ms)
 GET /demos/imocelos 200 in 122ms (next.js: 21ms, application-code: 100ms)
 GET /demos/imocelos 200 in 218ms (next.js: 7ms, application-code: 211ms)
 GET /demos/imocelos 200 in 191ms (next.js: 8ms, application-code: 183ms)
 GET /demos/imocelos 200 in 161ms (next.js: 10ms, application-code: 151ms)
 GET /demos/imocelos 200 in 192ms (next.js: 54ms, application-code: 138ms)
 GET /demos/imocelos 200 in 179ms (next.js: 50ms, application-code: 129ms)
 GET /demos/imocelos 200 in 138ms (next.js: 7ms, application-code: 132ms)
 GET /demos/imocelos 200 in 187ms (next.js: 4ms, application-code: 183ms)
 GET /demos/imocelos 200 in 158ms (next.js: 4ms, application-code: 153ms)
 GET /demos/imocelos 200 in 151ms (next.js: 3ms, application-code: 148ms)
 GET /demos/imocelos 200 in 126ms (next.js: 8ms, application-code: 118ms)
 GET /demos/imocelos 200 in 152ms (next.js: 26ms, application-code: 125ms)
 GET /demos/imocelos 200 in 130ms (next.js: 15ms, application-code: 115ms)
 GET /demos/imocelos 200 in 180ms (next.js: 5ms, application-code: 175ms)
 GET /demos/imocelos 200 in 152ms (next.js: 4ms, application-code: 149ms)
 GET /demos/imocelos 200 in 120ms (next.js: 4ms, application-code: 116ms)
 GET /demos/imocelos 200 in 121ms (next.js: 4ms, application-code: 117ms)
 GET /demos/imocelos 200 in 153ms (next.js: 35ms, application-code: 118ms)
 GET /demos/imocelos 200 in 126ms (next.js: 8ms, application-code: 118ms)
 GET /demos/imocelos 200 in 177ms (next.js: 7ms, application-code: 170ms)
 GET /demos/imocelos 200 in 149ms (next.js: 14ms, application-code: 135ms)
 GET /demos/imocelos 200 in 117ms (next.js: 4ms, application-code: 114ms)
 GET /demos/imocelos 200 in 120ms (next.js: 4ms, application-code: 117ms)
 GET /demos/imocelos 200 in 144ms (next.js: 31ms, application-code: 113ms)
 GET /demos/imocelos 200 in 128ms (next.js: 4ms, application-code: 123ms)
 GET /demos/imocelos 200 in 165ms (next.js: 10ms, application-code: 155ms)
 GET /demos/imocelos 200 in 161ms (next.js: 29ms, application-code: 132ms)
 GET /demos/imocelos 200 in 112ms (next.js: 5ms, application-code: 107ms)
 GET /demos/imocelos 200 in 120ms (next.js: 17ms, application-code: 103ms)
 GET /demos/imocelos 200 in 107ms (next.js: 23ms, application-code: 84ms)
 GET /demos/imocelos 200 in 167ms (next.js: 3ms, application-code: 164ms)
 GET /demos/imocelos 200 in 172ms (next.js: 8ms, application-code: 164ms)
 GET /demos/imocelos 200 in 143ms (next.js: 9ms, application-code: 134ms)
 GET /demos/imocelos 200 in 142ms (next.js: 29ms, application-code: 113ms)
 GET /demos/imocelos 200 in 118ms (next.js: 5ms, application-code: 113ms)
 GET /demos/imocelos 200 in 118ms (next.js: 26ms, application-code: 92ms)
 GET /demos/imocelos 200 in 165ms (next.js: 3ms, application-code: 162ms)
 GET /demos/imocelos 200 in 161ms (next.js: 7ms, application-code: 154ms)
 GET /demos/imocelos 200 in 133ms (next.js: 5ms, application-code: 128ms)
 GET /demos/imocelos 200 in 133ms (next.js: 31ms, application-code: 103ms)
 GET /demos/imocelos 200 in 85ms (next.js: 25ms, application-code: 60ms)
 GET /demos/imocelos 200 in 113ms (next.js: 3ms, application-code: 110ms)
 GET /demos/imocelos 200 in 186ms (next.js: 2ms, application-code: 183ms)
 GET /demos/imocelos 200 in 183ms (next.js: 4ms, application-code: 179ms)
 GET /demos/imocelos 200 in 156ms (next.js: 4ms, application-code: 152ms)
 GET /demos/imocelos 200 in 155ms (next.js: 28ms, application-code: 127ms)
 GET /demos/imocelos 200 in 93ms (next.js: 4ms, application-code: 89ms)
 GET /demos/imocelos 200 in 118ms (next.js: 24ms, application-code: 93ms)
 GET /demos/imocelos 200 in 161ms (next.js: 7ms, application-code: 154ms)
 GET /demos/imocelos 200 in 160ms (next.js: 7ms, application-code: 153ms)
 GET /demos/imocelos 200 in 135ms (next.js: 3ms, application-code: 132ms)
 GET /demos/imocelos 200 in 135ms (next.js: 23ms, application-code: 112ms)
 GET /demos/imocelos 200 in 122ms (next.js: 3ms, application-code: 119ms)
 GET /demos/imocelos 200 in 123ms (next.js: 30ms, application-code: 93ms)
 GET /demos/imocelos 200 in 199ms (next.js: 5ms, application-code: 193ms)
 GET /demos/imocelos 200 in 215ms (next.js: 6ms, application-code: 209ms)
 GET /demos/imocelos 200 in 181ms (next.js: 12ms, application-code: 170ms)
 GET /demos/imocelos 200 in 181ms (next.js: 45ms, application-code: 136ms)
 GET /demos/imocelos 200 in 137ms (next.js: 3ms, application-code: 134ms)
 GET /demos/imocelos 200 in 138ms (next.js: 32ms, application-code: 106ms)
 GET /demos/imocelos 200 in 192ms (next.js: 7ms, application-code: 184ms)
 GET /demos/imocelos 200 in 170ms (next.js: 8ms, application-code: 162ms)
 GET /demos/imocelos 200 in 142ms (next.js: 4ms, application-code: 139ms)
 GET /demos/imocelos 200 in 116ms (next.js: 4ms, application-code: 112ms)
 GET /demos/imocelos 200 in 115ms (next.js: 29ms, application-code: 86ms)
 GET /demos/imocelos 200 in 140ms (next.js: 37ms, application-code: 103ms)
 GET /demos/imocelos 200 in 155ms (next.js: 2ms, application-code: 153ms)
 GET /demos/imocelos 200 in 153ms (next.js: 3ms, application-code: 150ms)
 GET /demos/imocelos 200 in 155ms (next.js: 24ms, application-code: 130ms)
 GET /demos/imocelos 200 in 107ms (next.js: 24ms, application-code: 83ms)
 GET /demos/imocelos 200 in 108ms (next.js: 4ms, application-code: 104ms)
 GET /demos/imocelos 200 in 86ms (next.js: 2ms, application-code: 83ms)
 GET /demos/imocelos 200 in 169ms (next.js: 3ms, application-code: 165ms)
 GET /demos/imocelos 200 in 166ms (next.js: 8ms, application-code: 158ms)
 GET /demos/imocelos 200 in 138ms (next.js: 4ms, application-code: 134ms)
 GET /demos/imocelos 200 in 138ms (next.js: 29ms, application-code: 109ms)
 GET /demos/imocelos 200 in 139ms (next.js: 50ms, application-code: 89ms)
 GET /demos/imocelos 200 in 146ms (next.js: 3ms, application-code: 143ms)
 GET /demos/imocelos 200 in 146ms (next.js: 3ms, application-code: 143ms)
 GET /demos/imocelos 200 in 139ms (next.js: 4ms, application-code: 135ms)
 GET /demos/imocelos 200 in 139ms (next.js: 21ms, application-code: 118ms)
 GET /demos/imocelos 200 in 139ms (next.js: 45ms, application-code: 94ms)
 GET /demos/imocelos 200 in 139ms (next.js: 65ms, application-code: 73ms)
 GET /demos/imocelos 200 in 160ms (next.js: 3ms, application-code: 158ms)
 GET /demos/imocelos 200 in 154ms (next.js: 2ms, application-code: 152ms)
 GET /demos/imocelos 200 in 125ms (next.js: 26ms, application-code: 100ms)
 GET /demos/imocelos 200 in 127ms (next.js: 5ms, application-code: 122ms)
 GET /demos/imocelos 200 in 131ms (next.js: 52ms, application-code: 78ms)
 GET /demos/imocelos 200 in 116ms (next.js: 23ms, application-code: 93ms)
 GET /demos/imocelos 200 in 235ms (next.js: 2ms, application-code: 232ms)
 GET /demos/imocelos 200 in 293ms (next.js: 10ms, application-code: 283ms)
 GET /demos/imocelos 200 in 256ms (next.js: 5ms, application-code: 251ms)
 GET /demos/imocelos 200 in 265ms (next.js: 24ms, application-code: 241ms)
 GET /demos/imocelos 200 in 193ms (next.js: 9ms, application-code: 185ms)
 GET /demos/imocelos 200 in 240ms (next.js: 36ms, application-code: 204ms)
 GET /demos/imocelos 200 in 285ms (next.js: 9ms, application-code: 276ms)
 GET /demos/imocelos 200 in 232ms (next.js: 13ms, application-code: 218ms)
 GET /demos/imocelos 200 in 184ms (next.js: 13ms, application-code: 171ms)
 GET /demos/imocelos 200 in 120ms (next.js: 29ms, application-code: 91ms)
 GET /demos/imocelos 200 in 179ms (next.js: 63ms, application-code: 116ms)
 GET /demos/imocelos 200 in 116ms (next.js: 30ms, application-code: 86ms)
 GET /demos/imocelos 200 in 146ms (next.js: 3ms, application-code: 143ms)
 GET /demos/imocelos 200 in 140ms (next.js: 5ms, application-code: 135ms)
 GET /demos/imocelos 200 in 132ms (next.js: 6ms, application-code: 126ms)
 GET /demos/imocelos 200 in 132ms (next.js: 24ms, application-code: 108ms)
 GET /demos/imocelos 200 in 132ms (next.js: 44ms, application-code: 88ms)
 GET /demos/imocelos 200 in 100ms (next.js: 2ms, application-code: 97ms)
 GET /demos/imocelos 200 in 165ms (next.js: 3ms, application-code: 162ms)
 GET /demos/imocelos 200 in 163ms (next.js: 7ms, application-code: 156ms)
 GET /demos/imocelos 200 in 135ms (next.js: 21ms, application-code: 114ms)
 GET /demos/imocelos 200 in 136ms (next.js: 3ms, application-code: 133ms)
 GET /demos/imocelos 200 in 136ms (next.js: 44ms, application-code: 92ms)
 GET /demos/imocelos 200 in 155ms (next.js: 2ms, application-code: 152ms)
 GET /demos/imocelos 200 in 183ms (next.js: 3ms, application-code: 180ms)
 GET /demos/imocelos 200 in 174ms (next.js: 8ms, application-code: 166ms)
 GET /demos/imocelos 200 in 143ms (next.js: 3ms, application-code: 140ms)
 GET /demos/imocelos 200 in 143ms (next.js: 30ms, application-code: 113ms)
 GET /demos/imocelos 200 in 144ms (next.js: 59ms, application-code: 85ms)
 GET /demos/imocelos 200 in 174ms (next.js: 2ms, application-code: 171ms)
 GET /demos/imocelos 200 in 182ms (next.js: 3ms, application-code: 179ms)
 GET /demos/imocelos 200 in 152ms (next.js: 3ms, application-code: 149ms)
 GET /demos/imocelos 200 in 153ms (next.js: 28ms, application-code: 124ms)
 GET /demos/imocelos 200 in 155ms (next.js: 65ms, application-code: 90ms)
 GET /demos/imocelos 200 in 109ms (next.js: 37ms, application-code: 73ms)
 GET /demos/imocelos 200 in 35ms (next.js: 2ms, application-code: 33ms)
✓ Compiled in 826ms
